C51 COMPILER V9.60.0.0   MAIN                                                              03/25/2025 22:01:47 PAGE 1   


C51 COMPILER V9.60.0.0, COMPILATION OF MODULE MAIN
OBJECT MODULE PLACED IN .\Objects\main.obj
COMPILER INVOKED BY: C:\Keil_v5\C51\BIN\C51.EXE main.c OPTIMIZE(8,SPEED) BROWSE DEBUG OBJECTEXTEND PRINT(.\Listings\main
                    -.lst) TABS(2) OBJECT(.\Objects\main.obj)

line level    source

   1          #include <REG51.H>
   2          unsigned char number;
   3          unsigned char num[]={0x3f,0x06,0x5b,0x4f,0x66,0x6d,0x7d,0x07,0x7f,0x6f};
   4          unsigned char shuzi[]={0,0};
   5          unsigned char weishu[]={0x80,0x40};
   6          void Delay(unsigned int xms)   
   7            {
   8   1          unsigned char i;
   9   1          while(xms--)
  10   1          {
  11   2            for(i=0;i<125;i++){};
  12   2          }
  13   1        }
  14            
  15          void Show()
  16          {
  17   1        unsigned char f;
  18   1        shuzi[0]=number/10;
  19   1        shuzi[1]=number%10;
  20   1        for(f=0;f<2;f++)
  21   1        {
  22   2          P2=weishu[f];
  23   2          P3=num[shuzi[f]];
  24   2          Delay(50);
  25   2        }
  26   1      }
  27          void main()
  28          {
  29   1         while(1){
  30   2           Show();
  31   2           number++;
  32   2           if(number ==99)
  33   2             number = 0 ;
  34   2          }
  35   1      }
  36               


MODULE INFORMATION:   STATIC OVERLAYABLE
   CODE SIZE        =     99    ----
   CONSTANT SIZE    =   ----    ----
   XDATA SIZE       =   ----    ----
   PDATA SIZE       =   ----    ----
   DATA SIZE        =     15    ----
   IDATA SIZE       =   ----    ----
   BIT SIZE         =   ----    ----
END OF MODULE INFORMATION.


C51 COMPILATION COMPLETE.  0 WARNING(S),  0 ERROR(S)
