C51 COMPILER V9.60.0.0   MAIN                                                              03/25/2025 22:35:25 PAGE 1   


C51 COMPILER V9.60.0.0, COMPILATION OF MODULE MAIN
OBJECT MODULE PLACED IN .\Objects\main.obj
COMPILER INVOKED BY: C:\Keil_v5\C51\BIN\C51.EXE main.c OPTIMIZE(8,SPEED) BROWSE DEBUG OBJECTEXTEND PRINT(.\Listings\main
                    -.lst) TABS(2) OBJECT(.\Objects\main.obj)

line level    source

   1          #include <REG51.H>
   2          unsigned char number;
   3          unsigned char num[]={0x3f,0x06,0x5b,0x4f,0x66,0x6d,0x7d,0x07,0x7f,0x6f};
   4          unsigned char shuzi[]={0,0};
   5          unsigned char weishu[]={0x80,0x40};
   6          unsigned char Key;
   7          void Delay(unsigned int xms)   
   8            {
   9   1          unsigned char i;
  10   1          while(xms--)
  11   1          {
  12   2            for(i=0;i<125;i++){};
  13   2          }
  14   1        }
  15            
  16          void Show()
  17          {
  18   1        unsigned char f;
  19   1        shuzi[0]=number/10;
  20   1        shuzi[1]=number%10;
  21   1        for(f=0;f<2;f++)
  22   1        {
  23   2          P2=weishu[f];
  24   2          P3=num[shuzi[f]];
  25   2          Delay(10);
  26   2        }
  27   1      }
  28          void main()
  29          {
  30   1          unsigned char w=0;
  31   1          P1=0xff;
  32   1          Key=P1;
  33   1          while(1)
  34   1          {
  35   2            Show();
  36   2            Key=P1;
  37   2            if(Key!=0xff)
  38   2            {
  39   3              for(w=0;w<15;w++) 
  40   3              {
  41   4                Show();
  42   4              }
  43   3            }
  44   2            if(Key==0xfe)
  45   2            { 
  46   3              if(number<99) number++;
  47   3              else number=0;
  48   3            }
  49   2            if(Key==0xfd)
  50   2            {
  51   3              if(number>0) number--;
  52   3              else number=99;
  53   3            }
  54   2          }
C51 COMPILER V9.60.0.0   MAIN                                                              03/25/2025 22:35:25 PAGE 2   

  55   1      }


MODULE INFORMATION:   STATIC OVERLAYABLE
   CODE SIZE        =    174    ----
   CONSTANT SIZE    =   ----    ----
   XDATA SIZE       =   ----    ----
   PDATA SIZE       =   ----    ----
   DATA SIZE        =     16    ----
   IDATA SIZE       =   ----    ----
   BIT SIZE         =   ----    ----
END OF MODULE INFORMATION.


C51 COMPILATION COMPLETE.  0 WARNING(S),  0 ERROR(S)
